<?xml version="1.0" encoding="UTF-8"?>
<!-- Generated by org.testng.reporters.JUnitReportReporter -->
<testsuite hostname="DESKTOP-MBMFGHJ" failures="0" tests="1" name="myTestCases" time="4.335" errors="0" timestamp="2024-07-06T07:54:17 EEST" skipped="0">
  <testcase classname="myTestCases" name="getData" time="4.335"/>
</testsuite> <!-- myTestCases -->
